27/Feb/2019 2:27:36 PM:Interface not registered

Failed to find proxy registration for IID: {EAC04BC0-3791-11D2-BB95-0060977B464C}.    at System.Windows.Forms.UnsafeNativeMethods.CoCreateInstance(Guid& clsid, Object punkOuter, Int32 context, Guid& iid)
   at System.Windows.Forms.StringSource..ctor(String[] strings)
   at System.Windows.Forms.TextBox.SetAutoComplete(Boolean reset)
   at System.Windows.Forms.TextBox.OnAutoCompleteCustomSourceChanged(Object sender, CollectionChangeEventArgs e)
   at System.Windows.Forms.AutoCompleteStringCollection.OnCollectionChanged(CollectionChangeEventArgs e)
   at System.Windows.Forms.AutoCompleteStringCollection.Add(String value)
   at LaunchManager.frmMain.PopulateMovie() in D:\Projects\GameMenu2020\GameManager2020\frmMain.vb:line 2463
27/Feb/2019 2:27:45 PM:Interface not registered

Failed to find proxy registration for IID: {EAC04BC0-3791-11D2-BB95-0060977B464C}.    at System.Windows.Forms.UnsafeNativeMethods.CoCreateInstance(Guid& clsid, Object punkOuter, Int32 context, Guid& iid)
   at System.Windows.Forms.StringSource..ctor(String[] strings)
   at System.Windows.Forms.TextBox.SetAutoComplete(Boolean reset)
   at System.Windows.Forms.TextBox.OnAutoCompleteCustomSourceChanged(Object sender, CollectionChangeEventArgs e)
   at System.Windows.Forms.AutoCompleteStringCollection.OnCollectionChanged(CollectionChangeEventArgs e)
   at System.Windows.Forms.AutoCompleteStringCollection.Add(String value)
   at LaunchManager.frmMain.PopulateMovie() in D:\Projects\GameMenu2020\GameManager2020\frmMain.vb:line 2463
27/Feb/2019 2:41:45 PM:Interface not registered

Failed to find proxy registration for IID: {EAC04BC0-3791-11D2-BB95-0060977B464C}.    at System.Windows.Forms.UnsafeNativeMethods.CoCreateInstance(Guid& clsid, Object punkOuter, Int32 context, Guid& iid)
   at System.Windows.Forms.StringSource..ctor(String[] strings)
   at System.Windows.Forms.TextBox.SetAutoComplete(Boolean reset)
   at System.Windows.Forms.TextBox.OnAutoCompleteCustomSourceChanged(Object sender, CollectionChangeEventArgs e)
   at System.Windows.Forms.AutoCompleteStringCollection.OnCollectionChanged(CollectionChangeEventArgs e)
   at System.Windows.Forms.AutoCompleteStringCollection.Add(String value)
   at LaunchManager.frmMain.PopulateMovie() in D:\Projects\GameMenu2020\GameManager2020\frmMain.vb:line 2463
27/Feb/2019 2:42:21 PM:Interface not registered

Failed to find proxy registration for IID: {EAC04BC0-3791-11D2-BB95-0060977B464C}.    at System.Windows.Forms.UnsafeNativeMethods.CoCreateInstance(Guid& clsid, Object punkOuter, Int32 context, Guid& iid)
   at System.Windows.Forms.StringSource..ctor(String[] strings)
   at System.Windows.Forms.TextBox.SetAutoComplete(Boolean reset)
   at System.Windows.Forms.TextBox.OnAutoCompleteCustomSourceChanged(Object sender, CollectionChangeEventArgs e)
   at System.Windows.Forms.AutoCompleteStringCollection.OnCollectionChanged(CollectionChangeEventArgs e)
   at System.Windows.Forms.AutoCompleteStringCollection.Add(String value)
   at LaunchManager.frmMain.PopulateMovie() in D:\Projects\GameMenu2020\GameManager2020\frmMain.vb:line 2463
27/Feb/2019 2:43:33 PM:Interface not registered

Failed to find proxy registration for IID: {EAC04BC0-3791-11D2-BB95-0060977B464C}.    at System.Windows.Forms.UnsafeNativeMethods.CoCreateInstance(Guid& clsid, Object punkOuter, Int32 context, Guid& iid)
   at System.Windows.Forms.StringSource..ctor(String[] strings)
   at System.Windows.Forms.TextBox.SetAutoComplete(Boolean reset)
   at System.Windows.Forms.TextBox.OnAutoCompleteCustomSourceChanged(Object sender, CollectionChangeEventArgs e)
   at System.Windows.Forms.AutoCompleteStringCollection.OnCollectionChanged(CollectionChangeEventArgs e)
   at System.Windows.Forms.AutoCompleteStringCollection.Add(String value)
   at LaunchManager.frmMain.PopulateMovie() in D:\Projects\GameMenu2020\GameManager2020\frmMain.vb:line 2464
27/Feb/2019 2:44:24 PM:Interface not registered

Failed to find proxy registration for IID: {EAC04BC0-3791-11D2-BB95-0060977B464C}.    at System.Windows.Forms.UnsafeNativeMethods.CoCreateInstance(Guid& clsid, Object punkOuter, Int32 context, Guid& iid)
   at System.Windows.Forms.StringSource..ctor(String[] strings)
   at System.Windows.Forms.TextBox.SetAutoComplete(Boolean reset)
   at System.Windows.Forms.TextBox.OnAutoCompleteCustomSourceChanged(Object sender, CollectionChangeEventArgs e)
   at System.Windows.Forms.AutoCompleteStringCollection.OnCollectionChanged(CollectionChangeEventArgs e)
   at System.Windows.Forms.AutoCompleteStringCollection.Add(String value)
   at LaunchManager.frmMain.PopulateMovie() in D:\Projects\GameMenu2020\GameManager2020\frmMain.vb:line 2464
27/Feb/2019 3:20:31 PM:Interface not registered

Failed to find proxy registration for IID: {EAC04BC0-3791-11D2-BB95-0060977B464C}.    at System.Windows.Forms.UnsafeNativeMethods.CoCreateInstance(Guid& clsid, Object punkOuter, Int32 context, Guid& iid)
   at System.Windows.Forms.StringSource..ctor(String[] strings)
   at System.Windows.Forms.TextBox.SetAutoComplete(Boolean reset)
   at System.Windows.Forms.TextBox.OnAutoCompleteCustomSourceChanged(Object sender, CollectionChangeEventArgs e)
   at System.Windows.Forms.AutoCompleteStringCollection.OnCollectionChanged(CollectionChangeEventArgs e)
   at System.Windows.Forms.AutoCompleteStringCollection.Add(String value)
   at LaunchManager.frmMain.PopulateMovie() in D:\Projects\GameMenu2020\GameManager2020\frmMain.vb:line 2463
27/Feb/2019 3:26:46 PM:Interface not registered

Failed to find proxy registration for IID: {EAC04BC0-3791-11D2-BB95-0060977B464C}.    at System.Windows.Forms.UnsafeNativeMethods.CoCreateInstance(Guid& clsid, Object punkOuter, Int32 context, Guid& iid)
   at System.Windows.Forms.StringSource..ctor(String[] strings)
   at System.Windows.Forms.TextBox.SetAutoComplete(Boolean reset)
   at System.Windows.Forms.TextBox.OnAutoCompleteCustomSourceChanged(Object sender, CollectionChangeEventArgs e)
   at System.Windows.Forms.AutoCompleteStringCollection.OnCollectionChanged(CollectionChangeEventArgs e)
   at System.Windows.Forms.AutoCompleteStringCollection.Add(String value)
   at LaunchManager.frmMain.PopulateMovie() in D:\Projects\GameMenu2020\GameManager2020\frmMain.vb:line 2463
27/Feb/2019 3:28:54 PM:Interface not registered

Failed to find proxy registration for IID: {EAC04BC0-3791-11D2-BB95-0060977B464C}.    at System.Windows.Forms.UnsafeNativeMethods.CoCreateInstance(Guid& clsid, Object punkOuter, Int32 context, Guid& iid)
   at System.Windows.Forms.StringSource..ctor(String[] strings)
   at System.Windows.Forms.TextBox.SetAutoComplete(Boolean reset)
   at System.Windows.Forms.TextBox.OnAutoCompleteCustomSourceChanged(Object sender, CollectionChangeEventArgs e)
   at System.Windows.Forms.AutoCompleteStringCollection.OnCollectionChanged(CollectionChangeEventArgs e)
   at System.Windows.Forms.AutoCompleteStringCollection.Add(String value)
   at LaunchManager.frmMain.PopulateMovie() in D:\Projects\GameMenu2020\GameManager2020\frmMain.vb:line 2463
27/Feb/2019 3:32:01 PM:Interface not registered

Failed to find proxy registration for IID: {EAC04BC0-3791-11D2-BB95-0060977B464C}.    at System.Windows.Forms.UnsafeNativeMethods.CoCreateInstance(Guid& clsid, Object punkOuter, Int32 context, Guid& iid)
   at System.Windows.Forms.StringSource..ctor(String[] strings)
   at System.Windows.Forms.TextBox.SetAutoComplete(Boolean reset)
   at System.Windows.Forms.TextBox.OnAutoCompleteCustomSourceChanged(Object sender, CollectionChangeEventArgs e)
   at System.Windows.Forms.AutoCompleteStringCollection.OnCollectionChanged(CollectionChangeEventArgs e)
   at System.Windows.Forms.AutoCompleteStringCollection.Add(String value)
   at LaunchManager.frmMain.PopulateMovie() in D:\Projects\GameMenu2020\GameManager2020\frmMain.vb:line 2463
27/Feb/2019 3:34:49 PM:Interface not registered

Failed to find proxy registration for IID: {EAC04BC0-3791-11D2-BB95-0060977B464C}.    at System.Windows.Forms.UnsafeNativeMethods.CoCreateInstance(Guid& clsid, Object punkOuter, Int32 context, Guid& iid)
   at System.Windows.Forms.StringSource..ctor(String[] strings)
   at System.Windows.Forms.TextBox.SetAutoComplete(Boolean reset)
   at System.Windows.Forms.TextBox.OnAutoCompleteCustomSourceChanged(Object sender, CollectionChangeEventArgs e)
   at System.Windows.Forms.AutoCompleteStringCollection.OnCollectionChanged(CollectionChangeEventArgs e)
   at System.Windows.Forms.AutoCompleteStringCollection.Add(String value)
   at LaunchManager.frmMain.PopulateMovie() in D:\Projects\GameMenu2020\GameManager2020\frmMain.vb:line 2463
